<?xml version="1.0" encoding="UTF-8"?>
<testsuite name="models.SquadTest" tests="6" skipped="0" failures="0" errors="0" timestamp="2020-10-24T17:28:58" hostname="moringa-ThinkPad-T450" time="0.005">
  <properties/>
  <testcase name="testSquad_getsCause_true" classname="models.SquadTest" time="0.002"/>
  <testcase name="getNewCause" classname="models.SquadTest" time="0.0"/>
  <testcase name="getNewSquad" classname="models.SquadTest" time="0.0"/>
  <testcase name="squadinstatiatesCorrectly" classname="models.SquadTest" time="0.0"/>
  <testcase name="getNewage" classname="models.SquadTest" time="0.0"/>
  <testcase name="getNewMaxsize" classname="models.SquadTest" time="0.001"/>
  <system-out><![CDATA[]]></system-out>
  <system-err><![CDATA[]]></system-err>
</testsuite>
