<?xml version="1.0" encoding="UTF-8"?>
<testsuite name="models.SquadTest" tests="1" skipped="0" failures="0" errors="0" timestamp="2020-10-23T21:50:35" hostname="moringa-ThinkPad-T450" time="0.004">
  <properties/>
  <testcase name="testSquad_getsCause_true" classname="models.SquadTest" time="0.004"/>
  <system-out><![CDATA[]]></system-out>
  <system-err><![CDATA[]]></system-err>
</testsuite>
